[INFO] Scanning for projects...
[INFO]                                                                         
[INFO] ------------------------------------------------------------------------
[INFO] Building seleniumtest 1.0-SNAPSHOT
[INFO] ------------------------------------------------------------------------
[INFO] 
[INFO] --- maven-resources-plugin:2.6:resources (default-resources) @ seleniumtest ---
[INFO] Using 'UTF-8' encoding to copy filtered resources.
[INFO] Copying 0 resource
[INFO] 
[INFO] --- maven-compiler-plugin:3.7.0:compile (default-compile) @ seleniumtest ---
[INFO] No sources to compile
[INFO] 
[INFO] --- maven-resources-plugin:2.6:testResources (default-testResources) @ seleniumtest ---
[INFO] Using 'UTF-8' encoding to copy filtered resources.
[INFO] skip non existing resourceDirectory /home/ufficio/entando_json/entando-QE/Selenium_TESTS_18_Luglio/src/test/resources
[INFO] 
[INFO] --- maven-compiler-plugin:3.7.0:testCompile (default-testCompile) @ seleniumtest ---
[INFO] Nothing to compile - all classes are up to date
[INFO] 
[INFO] --- maven-surefire-plugin:2.19.1:test (default-test) @ seleniumtest ---

-------------------------------------------------------
 T E S T S
-------------------------------------------------------
Running org.entando.selenium.tests.DTUserProfileTypeEditTest
Tests run: 1, Failures: 0, Errors: 1, Skipped: 0, Time elapsed: 24.104 sec <<< FAILURE! - in org.entando.selenium.tests.DTUserProfileTypeEditTest
runTest  Time elapsed: 12.507 sec  <<< ERROR!
org.openqa.selenium.TimeoutException: Expected condition failed: waiting for visibility of Proxy element for: DefaultElementLocator 'By.xpath: //button[contains(.,'New')]' (tried for 8 second(s) with 500 milliseconds interval)
	at org.entando.selenium.tests.DTUserProfileTypeEditTest.runTest(DTUserProfileTypeEditTest.java:86)
Caused by: org.openqa.selenium.NoSuchElementException: 
no such element: Unable to locate element: {"method":"xpath","selector":"//button[contains(.,'New')]"}
  (Session info: headless chrome=67.0.3396.99)
  (Driver info: chromedriver=2.40.565383 (76257d1ab79276b2d53ee976b2c3e3b9f335cde7),platform=Linux 4.15.0-24-generic x86_64) (WARNING: The server did not provide any stacktrace information)
Command duration or timeout: 0 milliseconds
For documentation on this error, please visit: http://seleniumhq.org/exceptions/no_such_element.html
Build info: version: '3.11.0', revision: 'e59cfb3', time: '2018-03-11T20:26:55.152Z'
System info: host: 'entando-HP-Pavilion-Notebook', ip: '127.0.1.1', os.name: 'Linux', os.arch: 'amd64', os.version: '4.15.0-24-generic', java.version: '1.8.0_171'
Driver info: org.openqa.selenium.chrome.ChromeDriver
Capabilities {acceptInsecureCerts: false, acceptSslCerts: false, applicationCacheEnabled: false, browserConnectionEnabled: false, browserName: chrome, chrome: {chromedriverVersion: 2.40.565383 (76257d1ab79276..., userDataDir: /tmp/.org.chromium.Chromium...}, cssSelectorsEnabled: true, databaseEnabled: false, handlesAlerts: true, hasTouchScreen: false, javascriptEnabled: true, locationContextEnabled: true, mobileEmulationEnabled: false, nativeEvents: true, networkConnectionEnabled: false, pageLoadStrategy: normal, platform: LINUX, platformName: LINUX, rotatable: false, setWindowRect: true, takesHeapSnapshot: true, takesScreenshot: true, unexpectedAlertBehaviour: , unhandledPromptBehavior: , version: 67.0.3396.99, webStorageEnabled: true}
Session ID: 1560c723f77623636cc09f2089d482a1
*** Element info: {Using=xpath, value=//button[contains(.,'New')]}
	at org.entando.selenium.tests.DTUserProfileTypeEditTest.runTest(DTUserProfileTypeEditTest.java:86)

Running org.entando.selenium.tests.DTUserProfileTypeDeleteTest
Tests run: 1, Failures: 0, Errors: 1, Skipped: 0, Time elapsed: 22.25 sec <<< FAILURE! - in org.entando.selenium.tests.DTUserProfileTypeDeleteTest
runTest  Time elapsed: 12.258 sec  <<< ERROR!
org.openqa.selenium.TimeoutException: Expected condition failed: waiting for visibility of Proxy element for: DefaultElementLocator 'By.xpath: //button[contains(.,'New')]' (tried for 8 second(s) with 500 milliseconds interval)
	at org.entando.selenium.tests.DTUserProfileTypeDeleteTest.runTest(DTUserProfileTypeDeleteTest.java:79)
Caused by: org.openqa.selenium.NoSuchElementException: 
no such element: Unable to locate element: {"method":"xpath","selector":"//button[contains(.,'New')]"}
  (Session info: headless chrome=67.0.3396.99)
  (Driver info: chromedriver=2.40.565383 (76257d1ab79276b2d53ee976b2c3e3b9f335cde7),platform=Linux 4.15.0-24-generic x86_64) (WARNING: The server did not provide any stacktrace information)
Command duration or timeout: 0 milliseconds
For documentation on this error, please visit: http://seleniumhq.org/exceptions/no_such_element.html
Build info: version: '3.11.0', revision: 'e59cfb3', time: '2018-03-11T20:26:55.152Z'
System info: host: 'entando-HP-Pavilion-Notebook', ip: '127.0.1.1', os.name: 'Linux', os.arch: 'amd64', os.version: '4.15.0-24-generic', java.version: '1.8.0_171'
Driver info: org.openqa.selenium.chrome.ChromeDriver
Capabilities {acceptInsecureCerts: false, acceptSslCerts: false, applicationCacheEnabled: false, browserConnectionEnabled: false, browserName: chrome, chrome: {chromedriverVersion: 2.40.565383 (76257d1ab79276..., userDataDir: /tmp/.org.chromium.Chromium...}, cssSelectorsEnabled: true, databaseEnabled: false, handlesAlerts: true, hasTouchScreen: false, javascriptEnabled: true, locationContextEnabled: true, mobileEmulationEnabled: false, nativeEvents: true, networkConnectionEnabled: false, pageLoadStrategy: normal, platform: LINUX, platformName: LINUX, rotatable: false, setWindowRect: true, takesHeapSnapshot: true, takesScreenshot: true, unexpectedAlertBehaviour: , unhandledPromptBehavior: , version: 67.0.3396.99, webStorageEnabled: true}
Session ID: 84d2aee370c8eb3044157c69a2578a6a
*** Element info: {Using=xpath, value=//button[contains(.,'New')]}
	at org.entando.selenium.tests.DTUserProfileTypeDeleteTest.runTest(DTUserProfileTypeDeleteTest.java:79)

Running org.entando.selenium.tests.DTUserProfileTypeTest
Tests run: 1, Failures: 1, Errors: 0, Skipped: 0, Time elapsed: 19.769 sec <<< FAILURE! - in org.entando.selenium.tests.DTUserProfileTypeTest
runTest  Time elapsed: 2.592 sec  <<< FAILURE!
org.junit.ComparisonFailure: expected:<Profile Type[]> but was:<Profile Type[s]>
	at org.entando.selenium.tests.DTUserProfileTypeTest.runTest(DTUserProfileTypeTest.java:68)

Running org.entando.selenium.tests.DTUserProfileTypeAddTest
Tests run: 1, Failures: 0, Errors: 1, Skipped: 0, Time elapsed: 24.292 sec <<< FAILURE! - in org.entando.selenium.tests.DTUserProfileTypeAddTest
runTest  Time elapsed: 12.566 sec  <<< ERROR!
org.openqa.selenium.TimeoutException: Expected condition failed: waiting for visibility of Proxy element for: DefaultElementLocator 'By.xpath: //button[contains(.,'New')]' (tried for 8 second(s) with 500 milliseconds interval)
	at org.entando.selenium.tests.DTUserProfileTypeAddTest.runTest(DTUserProfileTypeAddTest.java:78)
Caused by: org.openqa.selenium.NoSuchElementException: 
no such element: Unable to locate element: {"method":"xpath","selector":"//button[contains(.,'New')]"}
  (Session info: headless chrome=67.0.3396.99)
  (Driver info: chromedriver=2.40.565383 (76257d1ab79276b2d53ee976b2c3e3b9f335cde7),platform=Linux 4.15.0-24-generic x86_64) (WARNING: The server did not provide any stacktrace information)
Command duration or timeout: 0 milliseconds
For documentation on this error, please visit: http://seleniumhq.org/exceptions/no_such_element.html
Build info: version: '3.11.0', revision: 'e59cfb3', time: '2018-03-11T20:26:55.152Z'
System info: host: 'entando-HP-Pavilion-Notebook', ip: '127.0.1.1', os.name: 'Linux', os.arch: 'amd64', os.version: '4.15.0-24-generic', java.version: '1.8.0_171'
Driver info: org.openqa.selenium.chrome.ChromeDriver
Capabilities {acceptInsecureCerts: false, acceptSslCerts: false, applicationCacheEnabled: false, browserConnectionEnabled: false, browserName: chrome, chrome: {chromedriverVersion: 2.40.565383 (76257d1ab79276..., userDataDir: /tmp/.org.chromium.Chromium...}, cssSelectorsEnabled: true, databaseEnabled: false, handlesAlerts: true, hasTouchScreen: false, javascriptEnabled: true, locationContextEnabled: true, mobileEmulationEnabled: false, nativeEvents: true, networkConnectionEnabled: false, pageLoadStrategy: normal, platform: LINUX, platformName: LINUX, rotatable: false, setWindowRect: true, takesHeapSnapshot: true, takesScreenshot: true, unexpectedAlertBehaviour: , unhandledPromptBehavior: , version: 67.0.3396.99, webStorageEnabled: true}
Session ID: abfdda19f25a8036159fd056d348eff4
*** Element info: {Using=xpath, value=//button[contains(.,'New')]}
	at org.entando.selenium.tests.DTUserProfileTypeAddTest.runTest(DTUserProfileTypeAddTest.java:78)


Results :

Failed tests: 
  DTUserProfileTypeTest.runTest:68 expected:<Profile Type[]> but was:<Profile Type[s]>
Tests in error: 
  DTUserProfileTypeAddTest.runTest:78 » Timeout Expected condition failed: waiti...
  DTUserProfileTypeDeleteTest.runTest:79 » Timeout Expected condition failed: wa...
  DTUserProfileTypeEditTest.runTest:86 » Timeout Expected condition failed: wait...

Tests run: 4, Failures: 1, Errors: 3, Skipped: 0

[INFO] ------------------------------------------------------------------------
[INFO] BUILD FAILURE
[INFO] ------------------------------------------------------------------------
[INFO] Total time: 01:33 min
[INFO] Finished at: 2018-07-24T13:41:26+02:00
[INFO] Final Memory: 19M/498M
[INFO] ------------------------------------------------------------------------
[ERROR] Failed to execute goal org.apache.maven.plugins:maven-surefire-plugin:2.19.1:test (default-test) on project seleniumtest: There are test failures.
[ERROR] 
[ERROR] Please refer to /home/ufficio/entando_json/entando-QE/Selenium_TESTS_18_Luglio/target/surefire-reports for the individual test results.
[ERROR] -> [Help 1]
[ERROR] 
[ERROR] To see the full stack trace of the errors, re-run Maven with the -e switch.
[ERROR] Re-run Maven using the -X switch to enable full debug logging.
[ERROR] 
[ERROR] For more information about the errors and possible solutions, please read the following articles:
[ERROR] [Help 1] http://cwiki.apache.org/confluence/display/MAVEN/MojoFailureException
